<?xml version="1.0" encoding="UTF-8"?>
<testng-results ignored="0" total="1" passed="1" failed="0" skipped="0">
  <reporter-output>
  </reporter-output>
  <suite started-at="2021-06-07T16:22:05 PET" name="lab.SkyalertTest" finished-at="2021-06-07T16:22:05 PET" duration-ms="129">
    <groups>
    </groups>
    <test started-at="2021-06-07T16:22:05 PET" name="Command line test" finished-at="2021-06-07T16:22:05 PET" duration-ms="129">
      <class name="lab.SkyalertTest">
        <test-method signature="test01()[pri:0, instance:lab.SkyalertTest@565f390]" started-at="2021-06-07T16:22:05 PET" name="test01" finished-at="2021-06-07T16:22:05 PET" duration-ms="38" status="PASS">
          <reporter-output>
          </reporter-output>
        </test-method> <!-- test01 -->
      </class> <!-- lab.SkyalertTest -->
    </test> <!-- Command line test -->
  </suite> <!-- lab.SkyalertTest -->
</testng-results>
