<?xml version="1.0" encoding="UTF-8"?>
<testng-results ignored="0" total="1" passed="1" failed="0" skipped="0">
  <reporter-output>
  </reporter-output>
  <suite started-at="2021-07-26T15:46:17 PET" name="lab.VacunacionTest" finished-at="2021-07-26T15:46:18 PET" duration-ms="162">
    <groups>
    </groups>
    <test started-at="2021-07-26T15:46:17 PET" name="Command line test" finished-at="2021-07-26T15:46:18 PET" duration-ms="162">
      <class name="lab.VacunacionTest">
        <test-method signature="test01()[pri:0, instance:lab.VacunacionTest@6d5620ce]" started-at="2021-07-26T15:46:17 PET" name="test01" finished-at="2021-07-26T15:46:18 PET" duration-ms="39" status="PASS">
          <reporter-output>
          </reporter-output>
        </test-method> <!-- test01 -->
      </class> <!-- lab.VacunacionTest -->
    </test> <!-- Command line test -->
  </suite> <!-- lab.VacunacionTest -->
</testng-results>
